{"/Users/lyy/.bio/bio-core-module/node_modules/bio-core/core/tool/file.js":{"path":"/Users/lyy/.bio/bio-core-module/node_modules/bio-core/core/tool/file.js","s":{"1":1,"2":1,"3":1,"4":1,"5":1,"6":2,"7":1,"8":2,"9":2,"10":1,"11":1,"12":1,"13":1,"14":1,"15":11,"16":11,"17":11,"18":25,"19":6,"20":19,"21":18,"22":18,"23":4,"24":3,"25":14,"26":2,"27":1,"28":12,"29":12,"30":16,"31":16,"32":8,"33":5,"34":8,"35":8,"36":5,"37":5,"38":11,"39":1,"40":1,"41":4,"42":3,"43":3,"44":3,"45":3,"46":3,"47":0},"b":{"1":[2,2],"2":[6,19],"3":[18,1],"4":[4,14],"5":[3,1],"6":[2,12],"7":[1,1],"8":[12,0],"9":[8,8],"10":[5,3],"11":[8,0],"12":[5,3],"13":[3,1],"14":[3,0]},"f":{"1":2,"2":1,"3":1,"4":11,"5":1},"fnMap":{"1":{"name":"(anonymous_1)","line":36,"loc":{"start":{"line":36,"column":9},"end":{"line":36,"column":20}}},"2":{"name":"(anonymous_2)","line":47,"loc":{"start":{"line":47,"column":12},"end":{"line":47,"column":23}}},"3":{"name":"(anonymous_3)","line":58,"loc":{"start":{"line":58,"column":17},"end":{"line":58,"column":37}}},"4":{"name":"(anonymous_4)","line":64,"loc":{"start":{"line":64,"column":14},"end":{"line":64,"column":38}}},"5":{"name":"(anonymous_5)","line":112,"loc":{"start":{"line":112,"column":24},"end":{"line":112,"column":30}}}},"statementMap":{"1":{"start":{"line":8,"column":0},"end":{"line":8,"column":29}},"2":{"start":{"line":9,"column":0},"end":{"line":9,"column":25}},"3":{"start":{"line":10,"column":0},"end":{"line":10,"column":32}},"4":{"start":{"line":12,"column":0},"end":{"line":12,"column":57}},"5":{"start":{"line":20,"column":0},"end":{"line":25,"column":2}},"6":{"start":{"line":21,"column":4},"end":{"line":24,"column":7}},"7":{"start":{"line":27,"column":0},"end":{"line":131,"column":2}},"8":{"start":{"line":37,"column":8},"end":{"line":37,"column":60}},"9":{"start":{"line":38,"column":8},"end":{"line":38,"column":50}},"10":{"start":{"line":48,"column":8},"end":{"line":48,"column":31}},"11":{"start":{"line":49,"column":8},"end":{"line":49,"column":23}},"12":{"start":{"line":59,"column":8},"end":{"line":59,"column":47}},"13":{"start":{"line":60,"column":8},"end":{"line":60,"column":44}},"14":{"start":{"line":61,"column":8},"end":{"line":61,"column":21}},"15":{"start":{"line":65,"column":8},"end":{"line":65,"column":85}},"16":{"start":{"line":67,"column":8},"end":{"line":67,"column":27}},"17":{"start":{"line":69,"column":8},"end":{"line":102,"column":11}},"18":{"start":{"line":70,"column":12},"end":{"line":72,"column":13}},"19":{"start":{"line":71,"column":16},"end":{"line":71,"column":23}},"20":{"start":{"line":74,"column":12},"end":{"line":99,"column":13}},"21":{"start":{"line":75,"column":16},"end":{"line":75,"column":69}},"22":{"start":{"line":76,"column":16},"end":{"line":98,"column":17}},"23":{"start":{"line":77,"column":20},"end":{"line":79,"column":21}},"24":{"start":{"line":78,"column":24},"end":{"line":78,"column":31}},"25":{"start":{"line":80,"column":23},"end":{"line":98,"column":17}},"26":{"start":{"line":81,"column":20},"end":{"line":83,"column":21}},"27":{"start":{"line":82,"column":24},"end":{"line":82,"column":31}},"28":{"start":{"line":84,"column":23},"end":{"line":98,"column":17}},"29":{"start":{"line":85,"column":20},"end":{"line":97,"column":21}},"30":{"start":{"line":86,"column":24},"end":{"line":86,"column":84}},"31":{"start":{"line":88,"column":24},"end":{"line":96,"column":25}},"32":{"start":{"line":89,"column":28},"end":{"line":91,"column":29}},"33":{"start":{"line":90,"column":32},"end":{"line":90,"column":39}},"34":{"start":{"line":92,"column":31},"end":{"line":96,"column":25}},"35":{"start":{"line":93,"column":28},"end":{"line":95,"column":29}},"36":{"start":{"line":94,"column":32},"end":{"line":94,"column":39}},"37":{"start":{"line":101,"column":12},"end":{"line":101,"column":28}},"38":{"start":{"line":104,"column":8},"end":{"line":104,"column":23}},"39":{"start":{"line":114,"column":8},"end":{"line":114,"column":40}},"40":{"start":{"line":115,"column":8},"end":{"line":128,"column":11}},"41":{"start":{"line":116,"column":12},"end":{"line":127,"column":13}},"42":{"start":{"line":117,"column":16},"end":{"line":117,"column":53}},"43":{"start":{"line":118,"column":16},"end":{"line":118,"column":62}},"44":{"start":{"line":120,"column":16},"end":{"line":126,"column":17}},"45":{"start":{"line":121,"column":20},"end":{"line":125,"column":21}},"46":{"start":{"line":122,"column":24},"end":{"line":122,"column":50}},"47":{"start":{"line":124,"column":24},"end":{"line":124,"column":41}}},"branchMap":{"1":{"line":22,"type":"binary-expr","locations":[{"start":{"line":22,"column":14},"end":{"line":22,"column":20}},{"start":{"line":22,"column":24},"end":{"line":22,"column":28}}]},"2":{"line":70,"type":"if","locations":[{"start":{"line":70,"column":12},"end":{"line":70,"column":12}},{"start":{"line":70,"column":12},"end":{"line":70,"column":12}}]},"3":{"line":74,"type":"if","locations":[{"start":{"line":74,"column":12},"end":{"line":74,"column":12}},{"start":{"line":74,"column":12},"end":{"line":74,"column":12}}]},"4":{"line":76,"type":"if","locations":[{"start":{"line":76,"column":16},"end":{"line":76,"column":16}},{"start":{"line":76,"column":16},"end":{"line":76,"column":16}}]},"5":{"line":77,"type":"if","locations":[{"start":{"line":77,"column":20},"end":{"line":77,"column":20}},{"start":{"line":77,"column":20},"end":{"line":77,"column":20}}]},"6":{"line":80,"type":"if","locations":[{"start":{"line":80,"column":23},"end":{"line":80,"column":23}},{"start":{"line":80,"column":23},"end":{"line":80,"column":23}}]},"7":{"line":81,"type":"if","locations":[{"start":{"line":81,"column":20},"end":{"line":81,"column":20}},{"start":{"line":81,"column":20},"end":{"line":81,"column":20}}]},"8":{"line":84,"type":"if","locations":[{"start":{"line":84,"column":23},"end":{"line":84,"column":23}},{"start":{"line":84,"column":23},"end":{"line":84,"column":23}}]},"9":{"line":88,"type":"if","locations":[{"start":{"line":88,"column":24},"end":{"line":88,"column":24}},{"start":{"line":88,"column":24},"end":{"line":88,"column":24}}]},"10":{"line":89,"type":"if","locations":[{"start":{"line":89,"column":28},"end":{"line":89,"column":28}},{"start":{"line":89,"column":28},"end":{"line":89,"column":28}}]},"11":{"line":92,"type":"if","locations":[{"start":{"line":92,"column":31},"end":{"line":92,"column":31}},{"start":{"line":92,"column":31},"end":{"line":92,"column":31}}]},"12":{"line":93,"type":"if","locations":[{"start":{"line":93,"column":28},"end":{"line":93,"column":28}},{"start":{"line":93,"column":28},"end":{"line":93,"column":28}}]},"13":{"line":116,"type":"if","locations":[{"start":{"line":116,"column":12},"end":{"line":116,"column":12}},{"start":{"line":116,"column":12},"end":{"line":116,"column":12}}]},"14":{"line":120,"type":"if","locations":[{"start":{"line":120,"column":16},"end":{"line":120,"column":16}},{"start":{"line":120,"column":16},"end":{"line":120,"column":16}}]}}},"/Users/lyy/.bio/bio-core-module/node_modules/bio-core/core/tool/network.js":{"path":"/Users/lyy/.bio/bio-core-module/node_modules/bio-core/core/tool/network.js","s":{"1":1,"2":1,"3":1,"4":1,"5":950,"6":950,"7":950,"8":2,"9":2,"10":1,"11":1,"12":946,"13":946,"14":944,"15":2,"16":2,"17":2,"18":2,"19":2,"20":1,"21":1,"22":2,"23":0,"24":0},"b":{"1":[1,1],"2":[944,2],"3":[1,1]},"f":{"1":950,"2":2,"3":946,"4":2},"fnMap":{"1":{"name":"(anonymous_1)","line":20,"loc":{"start":{"line":20,"column":12},"end":{"line":20,"column":26}}},"2":{"name":"checkPortUsed","line":33,"loc":{"start":{"line":33,"column":19},"end":{"line":33,"column":49}}},"3":{"name":"getFreePort","line":48,"loc":{"start":{"line":48,"column":17},"end":{"line":48,"column":52}}},"4":{"name":"(anonymous_4)","line":63,"loc":{"start":{"line":63,"column":15},"end":{"line":63,"column":21}}}},"statementMap":{"1":{"start":{"line":8,"column":0},"end":{"line":8,"column":27}},"2":{"start":{"line":9,"column":0},"end":{"line":9,"column":36}},"3":{"start":{"line":10,"column":0},"end":{"line":10,"column":33}},"4":{"start":{"line":12,"column":0},"end":{"line":80,"column":2}},"5":{"start":{"line":21,"column":8},"end":{"line":25,"column":10}},"6":{"start":{"line":22,"column":12},"end":{"line":24,"column":15}},"7":{"start":{"line":23,"column":16},"end":{"line":23,"column":33}},"8":{"start":{"line":34,"column":8},"end":{"line":34,"column":50}},"9":{"start":{"line":36,"column":8},"end":{"line":38,"column":9}},"10":{"start":{"line":37,"column":12},"end":{"line":37,"column":25}},"11":{"start":{"line":40,"column":8},"end":{"line":40,"column":20}},"12":{"start":{"line":49,"column":8},"end":{"line":49,"column":59}},"13":{"start":{"line":51,"column":8},"end":{"line":53,"column":9}},"14":{"start":{"line":52,"column":12},"end":{"line":52,"column":59}},"15":{"start":{"line":55,"column":8},"end":{"line":55,"column":27}},"16":{"start":{"line":64,"column":8},"end":{"line":64,"column":42}},"17":{"start":{"line":65,"column":8},"end":{"line":77,"column":10}},"18":{"start":{"line":66,"column":12},"end":{"line":72,"column":15}},"19":{"start":{"line":67,"column":16},"end":{"line":71,"column":17}},"20":{"start":{"line":68,"column":20},"end":{"line":68,"column":38}},"21":{"start":{"line":70,"column":20},"end":{"line":70,"column":37}},"22":{"start":{"line":73,"column":12},"end":{"line":76,"column":21}},"23":{"start":{"line":74,"column":16},"end":{"line":74,"column":45}},"24":{"start":{"line":75,"column":16},"end":{"line":75,"column":34}}},"branchMap":{"1":{"line":36,"type":"if","locations":[{"start":{"line":36,"column":8},"end":{"line":36,"column":8}},{"start":{"line":36,"column":8},"end":{"line":36,"column":8}}]},"2":{"line":51,"type":"if","locations":[{"start":{"line":51,"column":8},"end":{"line":51,"column":8}},{"start":{"line":51,"column":8},"end":{"line":51,"column":8}}]},"3":{"line":67,"type":"if","locations":[{"start":{"line":67,"column":16},"end":{"line":67,"column":16}},{"start":{"line":67,"column":16},"end":{"line":67,"column":16}}]}}},"/Users/lyy/.bio/bio-core-module/node_modules/bio-core/core/tool/path.js":{"path":"/Users/lyy/.bio/bio-core-module/node_modules/bio-core/core/tool/path.js","s":{"1":1,"2":1,"3":1,"4":5,"5":1,"6":3,"7":1,"8":1,"9":1,"10":1},"b":{},"f":{"1":5,"2":1,"3":3,"4":1},"fnMap":{"1":{"name":"(anonymous_1)","line":25,"loc":{"start":{"line":25,"column":22},"end":{"line":25,"column":25}}},"2":{"name":"(anonymous_2)","line":35,"loc":{"start":{"line":35,"column":32},"end":{"line":35,"column":47}}},"3":{"name":"(anonymous_3)","line":45,"loc":{"start":{"line":45,"column":21},"end":{"line":45,"column":36}}},"4":{"name":"(anonymous_4)","line":57,"loc":{"start":{"line":57,"column":22},"end":{"line":57,"column":46}}}},"statementMap":{"1":{"start":{"line":8,"column":0},"end":{"line":8,"column":29}},"2":{"start":{"line":9,"column":0},"end":{"line":9,"column":27}},"3":{"start":{"line":11,"column":0},"end":{"line":64,"column":2}},"4":{"start":{"line":26,"column":8},"end":{"line":26,"column":55}},"5":{"start":{"line":36,"column":8},"end":{"line":36,"column":102}},"6":{"start":{"line":46,"column":8},"end":{"line":46,"column":78}},"7":{"start":{"line":58,"column":8},"end":{"line":58,"column":104}},"8":{"start":{"line":59,"column":8},"end":{"line":59,"column":68}},"9":{"start":{"line":60,"column":8},"end":{"line":60,"column":97}},"10":{"start":{"line":61,"column":8},"end":{"line":61,"column":31}}},"branchMap":{}},"/Users/lyy/.bio/bio-core-module/node_modules/bio-core/core/tool/scaffold.js":{"path":"/Users/lyy/.bio/bio-core-module/node_modules/bio-core/core/tool/scaffold.js","s":{"1":1,"2":1,"3":1,"4":1,"5":1,"6":1,"7":1,"8":1,"9":0,"10":0,"11":0,"12":1,"13":1,"14":1,"15":1,"16":3,"17":2,"18":1,"19":1,"20":2,"21":1,"22":1,"23":2,"24":1,"25":1,"26":2,"27":2,"28":2,"29":1,"30":1,"31":1,"32":1,"33":1,"34":1,"35":1,"36":1,"37":0,"38":0,"39":0,"40":0,"41":0,"42":0,"43":0,"44":0,"45":0,"46":1,"47":1,"48":1,"49":1,"50":0,"51":0,"52":0,"53":0,"54":0,"55":0,"56":0,"57":0,"58":0,"59":0,"60":0,"61":0,"62":0,"63":0,"64":0,"65":0,"66":0,"67":0,"68":0,"69":0,"70":0,"71":0,"72":0,"73":0},"b":{"1":[2,1],"2":[3,2],"3":[1,1],"4":[1,0],"5":[0,0],"6":[0,0],"7":[1,0],"8":[0,0],"9":[0,0],"10":[0,0]},"f":{"1":0,"2":2,"3":1,"4":1,"5":0,"6":1,"7":0,"8":0},"fnMap":{"1":{"name":"(anonymous_1)","line":59,"loc":{"start":{"line":59,"column":14},"end":{"line":59,"column":17}}},"2":{"name":"(anonymous_2)","line":61,"loc":{"start":{"line":61,"column":15},"end":{"line":61,"column":30}}},"3":{"name":"(anonymous_3)","line":68,"loc":{"start":{"line":68,"column":16},"end":{"line":68,"column":31}}},"4":{"name":"(anonymous_4)","line":83,"loc":{"start":{"line":83,"column":19},"end":{"line":83,"column":25}}},"5":{"name":"(anonymous_5)","line":99,"loc":{"start":{"line":99,"column":24},"end":{"line":99,"column":39}}},"6":{"name":"(anonymous_6)","line":120,"loc":{"start":{"line":120,"column":20},"end":{"line":120,"column":35}}},"7":{"name":"(anonymous_7)","line":137,"loc":{"start":{"line":137,"column":22},"end":{"line":137,"column":37}}},"8":{"name":"(anonymous_8)","line":160,"loc":{"start":{"line":160,"column":19},"end":{"line":160,"column":34}}}},"statementMap":{"1":{"start":{"line":8,"column":0},"end":{"line":8,"column":25}},"2":{"start":{"line":9,"column":0},"end":{"line":9,"column":29}},"3":{"start":{"line":11,"column":0},"end":{"line":11,"column":32}},"4":{"start":{"line":12,"column":0},"end":{"line":12,"column":40}},"5":{"start":{"line":14,"column":0},"end":{"line":14,"column":35}},"6":{"start":{"line":15,"column":0},"end":{"line":15,"column":29}},"7":{"start":{"line":17,"column":0},"end":{"line":17,"column":64}},"8":{"start":{"line":19,"column":0},"end":{"line":27,"column":2}},"9":{"start":{"line":20,"column":4},"end":{"line":20,"column":69}},"10":{"start":{"line":22,"column":4},"end":{"line":22,"column":36}},"11":{"start":{"line":23,"column":4},"end":{"line":26,"column":8}},"12":{"start":{"line":29,"column":0},"end":{"line":56,"column":5}},"13":{"start":{"line":30,"column":4},"end":{"line":30,"column":28}},"14":{"start":{"line":31,"column":4},"end":{"line":31,"column":27}},"15":{"start":{"line":33,"column":4},"end":{"line":55,"column":6}},"16":{"start":{"line":34,"column":8},"end":{"line":39,"column":9}},"17":{"start":{"line":35,"column":12},"end":{"line":38,"column":14}},"18":{"start":{"line":41,"column":8},"end":{"line":41,"column":26}},"19":{"start":{"line":42,"column":8},"end":{"line":44,"column":11}},"20":{"start":{"line":43,"column":12},"end":{"line":43,"column":53}},"21":{"start":{"line":46,"column":8},"end":{"line":46,"column":25}},"22":{"start":{"line":47,"column":8},"end":{"line":49,"column":11}},"23":{"start":{"line":48,"column":12},"end":{"line":48,"column":52}},"24":{"start":{"line":51,"column":8},"end":{"line":54,"column":10}},"25":{"start":{"line":58,"column":0},"end":{"line":193,"column":2}},"26":{"start":{"line":62,"column":8},"end":{"line":62,"column":48}},"27":{"start":{"line":63,"column":8},"end":{"line":63,"column":37}},"28":{"start":{"line":65,"column":8},"end":{"line":65,"column":84}},"29":{"start":{"line":69,"column":8},"end":{"line":69,"column":48}},"30":{"start":{"line":70,"column":8},"end":{"line":70,"column":38}},"31":{"start":{"line":72,"column":8},"end":{"line":72,"column":86}},"32":{"start":{"line":84,"column":8},"end":{"line":84,"column":40}},"33":{"start":{"line":85,"column":8},"end":{"line":85,"column":54}},"34":{"start":{"line":87,"column":8},"end":{"line":87,"column":63}},"35":{"start":{"line":89,"column":8},"end":{"line":89,"column":47}},"36":{"start":{"line":91,"column":8},"end":{"line":91,"column":35}},"37":{"start":{"line":100,"column":8},"end":{"line":105,"column":9}},"38":{"start":{"line":101,"column":12},"end":{"line":101,"column":66}},"39":{"start":{"line":102,"column":12},"end":{"line":102,"column":47}},"40":{"start":{"line":103,"column":12},"end":{"line":103,"column":75}},"41":{"start":{"line":104,"column":12},"end":{"line":104,"column":19}},"42":{"start":{"line":107,"column":8},"end":{"line":111,"column":9}},"43":{"start":{"line":108,"column":12},"end":{"line":108,"column":64}},"44":{"start":{"line":109,"column":12},"end":{"line":109,"column":47}},"45":{"start":{"line":110,"column":12},"end":{"line":110,"column":73}},"46":{"start":{"line":121,"column":8},"end":{"line":121,"column":88}},"47":{"start":{"line":122,"column":8},"end":{"line":125,"column":9}},"48":{"start":{"line":123,"column":12},"end":{"line":123,"column":82}},"49":{"start":{"line":124,"column":12},"end":{"line":124,"column":25}},"50":{"start":{"line":127,"column":8},"end":{"line":127,"column":20}},"51":{"start":{"line":138,"column":8},"end":{"line":138,"column":104}},"52":{"start":{"line":140,"column":8},"end":{"line":140,"column":80}},"53":{"start":{"line":142,"column":8},"end":{"line":142,"column":43}},"54":{"start":{"line":143,"column":8},"end":{"line":143,"column":116}},"55":{"start":{"line":145,"column":8},"end":{"line":150,"column":9}},"56":{"start":{"line":146,"column":12},"end":{"line":148,"column":13}},"57":{"start":{"line":147,"column":16},"end":{"line":147,"column":28}},"58":{"start":{"line":149,"column":12},"end":{"line":149,"column":25}},"59":{"start":{"line":152,"column":8},"end":{"line":152,"column":21}},"60":{"start":{"line":161,"column":8},"end":{"line":161,"column":86}},"61":{"start":{"line":162,"column":8},"end":{"line":162,"column":72}},"62":{"start":{"line":163,"column":8},"end":{"line":163,"column":74}},"63":{"start":{"line":166,"column":8},"end":{"line":166,"column":45}},"64":{"start":{"line":169,"column":8},"end":{"line":169,"column":67}},"65":{"start":{"line":170,"column":8},"end":{"line":170,"column":43}},"66":{"start":{"line":172,"column":8},"end":{"line":174,"column":11}},"67":{"start":{"line":176,"column":8},"end":{"line":178,"column":9}},"68":{"start":{"line":177,"column":12},"end":{"line":177,"column":43}},"69":{"start":{"line":181,"column":8},"end":{"line":183,"column":11}},"70":{"start":{"line":186,"column":8},"end":{"line":186,"column":47}},"71":{"start":{"line":187,"column":8},"end":{"line":187,"column":128}},"72":{"start":{"line":188,"column":8},"end":{"line":188,"column":48}},"73":{"start":{"line":191,"column":8},"end":{"line":191,"column":42}}},"branchMap":{"1":{"line":34,"type":"if","locations":[{"start":{"line":34,"column":8},"end":{"line":34,"column":8}},{"start":{"line":34,"column":8},"end":{"line":34,"column":8}}]},"2":{"line":34,"type":"binary-expr","locations":[{"start":{"line":34,"column":12},"end":{"line":34,"column":24}},{"start":{"line":34,"column":28},"end":{"line":34,"column":39}}]},"3":{"line":65,"type":"cond-expr","locations":[{"start":{"line":65,"column":43},"end":{"line":65,"column":68}},{"start":{"line":65,"column":71},"end":{"line":65,"column":83}}]},"4":{"line":72,"type":"cond-expr","locations":[{"start":{"line":72,"column":44},"end":{"line":72,"column":70}},{"start":{"line":72,"column":73},"end":{"line":72,"column":85}}]},"5":{"line":100,"type":"if","locations":[{"start":{"line":100,"column":8},"end":{"line":100,"column":8}},{"start":{"line":100,"column":8},"end":{"line":100,"column":8}}]},"6":{"line":107,"type":"if","locations":[{"start":{"line":107,"column":8},"end":{"line":107,"column":8}},{"start":{"line":107,"column":8},"end":{"line":107,"column":8}}]},"7":{"line":122,"type":"if","locations":[{"start":{"line":122,"column":8},"end":{"line":122,"column":8}},{"start":{"line":122,"column":8},"end":{"line":122,"column":8}}]},"8":{"line":145,"type":"if","locations":[{"start":{"line":145,"column":8},"end":{"line":145,"column":8}},{"start":{"line":145,"column":8},"end":{"line":145,"column":8}}]},"9":{"line":146,"type":"if","locations":[{"start":{"line":146,"column":12},"end":{"line":146,"column":12}},{"start":{"line":146,"column":12},"end":{"line":146,"column":12}}]},"10":{"line":176,"type":"if","locations":[{"start":{"line":176,"column":8},"end":{"line":176,"column":8}},{"start":{"line":176,"column":8},"end":{"line":176,"column":8}}]}}},"/Users/lyy/.bio/bio-core-module/node_modules/bio-core/core/tool/npm.js":{"path":"/Users/lyy/.bio/bio-core-module/node_modules/bio-core/core/tool/npm.js","s":{"1":1,"2":1},"b":{},"f":{},"fnMap":{},"statementMap":{"1":{"start":{"line":8,"column":0},"end":{"line":8,"column":44}},"2":{"start":{"line":10,"column":0},"end":{"line":13,"column":2}}},"branchMap":{}}}