{"/Users/lyy/Downloads/code/weidian-inc-github/bio-core/core/tool/file.js":{"path":"/Users/lyy/Downloads/code/weidian-inc-github/bio-core/core/tool/file.js","s":{"1":1,"2":1,"3":1,"4":1,"5":1,"6":2,"7":1,"8":2,"9":2,"10":1,"11":1,"12":1,"13":1,"14":1,"15":11,"16":11,"17":11,"18":25,"19":6,"20":19,"21":18,"22":18,"23":4,"24":3,"25":14,"26":2,"27":1,"28":12,"29":12,"30":16,"31":16,"32":8,"33":5,"34":8,"35":8,"36":5,"37":5,"38":11,"39":1,"40":1,"41":4,"42":3,"43":3,"44":3,"45":3,"46":3,"47":0},"b":{"1":[2,2],"2":[6,19],"3":[18,1],"4":[4,14],"5":[3,1],"6":[2,12],"7":[1,1],"8":[12,0],"9":[8,8],"10":[5,3],"11":[8,0],"12":[5,3],"13":[3,1],"14":[3,0]},"f":{"1":2,"2":1,"3":1,"4":11,"5":1},"fnMap":{"1":{"name":"(anonymous_1)","line":36,"loc":{"start":{"line":36,"column":9},"end":{"line":36,"column":20}}},"2":{"name":"(anonymous_2)","line":47,"loc":{"start":{"line":47,"column":12},"end":{"line":47,"column":23}}},"3":{"name":"(anonymous_3)","line":58,"loc":{"start":{"line":58,"column":17},"end":{"line":58,"column":37}}},"4":{"name":"(anonymous_4)","line":64,"loc":{"start":{"line":64,"column":14},"end":{"line":64,"column":38}}},"5":{"name":"(anonymous_5)","line":112,"loc":{"start":{"line":112,"column":24},"end":{"line":112,"column":30}}}},"statementMap":{"1":{"start":{"line":8,"column":0},"end":{"line":8,"column":29}},"2":{"start":{"line":9,"column":0},"end":{"line":9,"column":25}},"3":{"start":{"line":10,"column":0},"end":{"line":10,"column":32}},"4":{"start":{"line":12,"column":0},"end":{"line":12,"column":57}},"5":{"start":{"line":20,"column":0},"end":{"line":25,"column":2}},"6":{"start":{"line":21,"column":4},"end":{"line":24,"column":7}},"7":{"start":{"line":27,"column":0},"end":{"line":131,"column":2}},"8":{"start":{"line":37,"column":8},"end":{"line":37,"column":60}},"9":{"start":{"line":38,"column":8},"end":{"line":38,"column":50}},"10":{"start":{"line":48,"column":8},"end":{"line":48,"column":31}},"11":{"start":{"line":49,"column":8},"end":{"line":49,"column":23}},"12":{"start":{"line":59,"column":8},"end":{"line":59,"column":47}},"13":{"start":{"line":60,"column":8},"end":{"line":60,"column":44}},"14":{"start":{"line":61,"column":8},"end":{"line":61,"column":21}},"15":{"start":{"line":65,"column":8},"end":{"line":65,"column":85}},"16":{"start":{"line":67,"column":8},"end":{"line":67,"column":27}},"17":{"start":{"line":69,"column":8},"end":{"line":102,"column":11}},"18":{"start":{"line":70,"column":12},"end":{"line":72,"column":13}},"19":{"start":{"line":71,"column":16},"end":{"line":71,"column":23}},"20":{"start":{"line":74,"column":12},"end":{"line":99,"column":13}},"21":{"start":{"line":75,"column":16},"end":{"line":75,"column":69}},"22":{"start":{"line":76,"column":16},"end":{"line":98,"column":17}},"23":{"start":{"line":77,"column":20},"end":{"line":79,"column":21}},"24":{"start":{"line":78,"column":24},"end":{"line":78,"column":31}},"25":{"start":{"line":80,"column":23},"end":{"line":98,"column":17}},"26":{"start":{"line":81,"column":20},"end":{"line":83,"column":21}},"27":{"start":{"line":82,"column":24},"end":{"line":82,"column":31}},"28":{"start":{"line":84,"column":23},"end":{"line":98,"column":17}},"29":{"start":{"line":85,"column":20},"end":{"line":97,"column":21}},"30":{"start":{"line":86,"column":24},"end":{"line":86,"column":84}},"31":{"start":{"line":88,"column":24},"end":{"line":96,"column":25}},"32":{"start":{"line":89,"column":28},"end":{"line":91,"column":29}},"33":{"start":{"line":90,"column":32},"end":{"line":90,"column":39}},"34":{"start":{"line":92,"column":31},"end":{"line":96,"column":25}},"35":{"start":{"line":93,"column":28},"end":{"line":95,"column":29}},"36":{"start":{"line":94,"column":32},"end":{"line":94,"column":39}},"37":{"start":{"line":101,"column":12},"end":{"line":101,"column":28}},"38":{"start":{"line":104,"column":8},"end":{"line":104,"column":23}},"39":{"start":{"line":114,"column":8},"end":{"line":114,"column":40}},"40":{"start":{"line":115,"column":8},"end":{"line":128,"column":11}},"41":{"start":{"line":116,"column":12},"end":{"line":127,"column":13}},"42":{"start":{"line":117,"column":16},"end":{"line":117,"column":53}},"43":{"start":{"line":118,"column":16},"end":{"line":118,"column":62}},"44":{"start":{"line":120,"column":16},"end":{"line":126,"column":17}},"45":{"start":{"line":121,"column":20},"end":{"line":125,"column":21}},"46":{"start":{"line":122,"column":24},"end":{"line":122,"column":50}},"47":{"start":{"line":124,"column":24},"end":{"line":124,"column":41}}},"branchMap":{"1":{"line":22,"type":"binary-expr","locations":[{"start":{"line":22,"column":14},"end":{"line":22,"column":20}},{"start":{"line":22,"column":24},"end":{"line":22,"column":28}}]},"2":{"line":70,"type":"if","locations":[{"start":{"line":70,"column":12},"end":{"line":70,"column":12}},{"start":{"line":70,"column":12},"end":{"line":70,"column":12}}]},"3":{"line":74,"type":"if","locations":[{"start":{"line":74,"column":12},"end":{"line":74,"column":12}},{"start":{"line":74,"column":12},"end":{"line":74,"column":12}}]},"4":{"line":76,"type":"if","locations":[{"start":{"line":76,"column":16},"end":{"line":76,"column":16}},{"start":{"line":76,"column":16},"end":{"line":76,"column":16}}]},"5":{"line":77,"type":"if","locations":[{"start":{"line":77,"column":20},"end":{"line":77,"column":20}},{"start":{"line":77,"column":20},"end":{"line":77,"column":20}}]},"6":{"line":80,"type":"if","locations":[{"start":{"line":80,"column":23},"end":{"line":80,"column":23}},{"start":{"line":80,"column":23},"end":{"line":80,"column":23}}]},"7":{"line":81,"type":"if","locations":[{"start":{"line":81,"column":20},"end":{"line":81,"column":20}},{"start":{"line":81,"column":20},"end":{"line":81,"column":20}}]},"8":{"line":84,"type":"if","locations":[{"start":{"line":84,"column":23},"end":{"line":84,"column":23}},{"start":{"line":84,"column":23},"end":{"line":84,"column":23}}]},"9":{"line":88,"type":"if","locations":[{"start":{"line":88,"column":24},"end":{"line":88,"column":24}},{"start":{"line":88,"column":24},"end":{"line":88,"column":24}}]},"10":{"line":89,"type":"if","locations":[{"start":{"line":89,"column":28},"end":{"line":89,"column":28}},{"start":{"line":89,"column":28},"end":{"line":89,"column":28}}]},"11":{"line":92,"type":"if","locations":[{"start":{"line":92,"column":31},"end":{"line":92,"column":31}},{"start":{"line":92,"column":31},"end":{"line":92,"column":31}}]},"12":{"line":93,"type":"if","locations":[{"start":{"line":93,"column":28},"end":{"line":93,"column":28}},{"start":{"line":93,"column":28},"end":{"line":93,"column":28}}]},"13":{"line":116,"type":"if","locations":[{"start":{"line":116,"column":12},"end":{"line":116,"column":12}},{"start":{"line":116,"column":12},"end":{"line":116,"column":12}}]},"14":{"line":120,"type":"if","locations":[{"start":{"line":120,"column":16},"end":{"line":120,"column":16}},{"start":{"line":120,"column":16},"end":{"line":120,"column":16}}]}}},"/Users/lyy/Downloads/code/weidian-inc-github/bio-core/core/tool/network.js":{"path":"/Users/lyy/Downloads/code/weidian-inc-github/bio-core/core/tool/network.js","s":{"1":1,"2":1,"3":1,"4":1,"5":950,"6":950,"7":950,"8":2,"9":2,"10":1,"11":1,"12":946,"13":946,"14":944,"15":2,"16":2,"17":2,"18":2,"19":1,"20":0,"21":1,"22":2,"23":2,"24":2},"b":{"1":[1,1],"2":[944,2],"3":[0,1]},"f":{"1":950,"2":2,"3":946,"4":2},"fnMap":{"1":{"name":"(anonymous_1)","line":20,"loc":{"start":{"line":20,"column":12},"end":{"line":20,"column":26}}},"2":{"name":"checkPortUsed","line":33,"loc":{"start":{"line":33,"column":19},"end":{"line":33,"column":49}}},"3":{"name":"getFreePort","line":48,"loc":{"start":{"line":48,"column":17},"end":{"line":48,"column":52}}},"4":{"name":"(anonymous_4)","line":63,"loc":{"start":{"line":63,"column":15},"end":{"line":63,"column":21}}}},"statementMap":{"1":{"start":{"line":8,"column":0},"end":{"line":8,"column":27}},"2":{"start":{"line":9,"column":0},"end":{"line":9,"column":36}},"3":{"start":{"line":10,"column":0},"end":{"line":10,"column":33}},"4":{"start":{"line":12,"column":0},"end":{"line":80,"column":2}},"5":{"start":{"line":21,"column":8},"end":{"line":25,"column":10}},"6":{"start":{"line":22,"column":12},"end":{"line":24,"column":15}},"7":{"start":{"line":23,"column":16},"end":{"line":23,"column":33}},"8":{"start":{"line":34,"column":8},"end":{"line":34,"column":50}},"9":{"start":{"line":36,"column":8},"end":{"line":38,"column":9}},"10":{"start":{"line":37,"column":12},"end":{"line":37,"column":25}},"11":{"start":{"line":40,"column":8},"end":{"line":40,"column":20}},"12":{"start":{"line":49,"column":8},"end":{"line":49,"column":59}},"13":{"start":{"line":51,"column":8},"end":{"line":53,"column":9}},"14":{"start":{"line":52,"column":12},"end":{"line":52,"column":59}},"15":{"start":{"line":55,"column":8},"end":{"line":55,"column":27}},"16":{"start":{"line":64,"column":8},"end":{"line":64,"column":42}},"17":{"start":{"line":65,"column":8},"end":{"line":77,"column":10}},"18":{"start":{"line":66,"column":12},"end":{"line":72,"column":15}},"19":{"start":{"line":67,"column":16},"end":{"line":71,"column":17}},"20":{"start":{"line":68,"column":20},"end":{"line":68,"column":38}},"21":{"start":{"line":70,"column":20},"end":{"line":70,"column":37}},"22":{"start":{"line":73,"column":12},"end":{"line":76,"column":21}},"23":{"start":{"line":74,"column":16},"end":{"line":74,"column":45}},"24":{"start":{"line":75,"column":16},"end":{"line":75,"column":34}}},"branchMap":{"1":{"line":36,"type":"if","locations":[{"start":{"line":36,"column":8},"end":{"line":36,"column":8}},{"start":{"line":36,"column":8},"end":{"line":36,"column":8}}]},"2":{"line":51,"type":"if","locations":[{"start":{"line":51,"column":8},"end":{"line":51,"column":8}},{"start":{"line":51,"column":8},"end":{"line":51,"column":8}}]},"3":{"line":67,"type":"if","locations":[{"start":{"line":67,"column":16},"end":{"line":67,"column":16}},{"start":{"line":67,"column":16},"end":{"line":67,"column":16}}]}}},"/Users/lyy/Downloads/code/weidian-inc-github/bio-core/core/tool/path.js":{"path":"/Users/lyy/Downloads/code/weidian-inc-github/bio-core/core/tool/path.js","s":{"1":1,"2":1,"3":1,"4":5,"5":1,"6":3,"7":1,"8":1,"9":1,"10":1},"b":{},"f":{"1":5,"2":1,"3":3,"4":1},"fnMap":{"1":{"name":"(anonymous_1)","line":25,"loc":{"start":{"line":25,"column":22},"end":{"line":25,"column":25}}},"2":{"name":"(anonymous_2)","line":35,"loc":{"start":{"line":35,"column":32},"end":{"line":35,"column":47}}},"3":{"name":"(anonymous_3)","line":45,"loc":{"start":{"line":45,"column":21},"end":{"line":45,"column":36}}},"4":{"name":"(anonymous_4)","line":57,"loc":{"start":{"line":57,"column":22},"end":{"line":57,"column":46}}}},"statementMap":{"1":{"start":{"line":8,"column":0},"end":{"line":8,"column":29}},"2":{"start":{"line":9,"column":0},"end":{"line":9,"column":27}},"3":{"start":{"line":11,"column":0},"end":{"line":64,"column":2}},"4":{"start":{"line":26,"column":8},"end":{"line":26,"column":55}},"5":{"start":{"line":36,"column":8},"end":{"line":36,"column":109}},"6":{"start":{"line":46,"column":8},"end":{"line":46,"column":78}},"7":{"start":{"line":58,"column":8},"end":{"line":58,"column":104}},"8":{"start":{"line":59,"column":8},"end":{"line":59,"column":68}},"9":{"start":{"line":60,"column":8},"end":{"line":60,"column":97}},"10":{"start":{"line":61,"column":8},"end":{"line":61,"column":31}}},"branchMap":{}},"/Users/lyy/Downloads/code/weidian-inc-github/bio-core/core/tool/scaffold.js":{"path":"/Users/lyy/Downloads/code/weidian-inc-github/bio-core/core/tool/scaffold.js","s":{"1":1,"2":1,"3":1,"4":1,"5":1,"6":1,"7":1,"8":1,"9":1,"10":0,"11":0,"12":0,"13":1,"14":1,"15":1,"16":1,"17":3,"18":2,"19":1,"20":1,"21":2,"22":1,"23":1,"24":2,"25":1,"26":1,"27":0,"28":0,"29":0,"30":0,"31":0,"32":0,"33":0,"34":0,"35":0,"36":0,"37":0,"38":0,"39":0,"40":0,"41":0,"42":0,"43":0,"44":0,"45":0,"46":0,"47":0,"48":0,"49":0,"50":0,"51":0,"52":0,"53":0,"54":2,"55":2,"56":2,"57":1,"58":1,"59":1,"60":0,"61":0,"62":0,"63":0,"64":1,"65":1,"66":1,"67":1,"68":1,"69":0,"70":0,"71":0,"72":0,"73":0,"74":0,"75":0,"76":0,"77":0,"78":1,"79":1,"80":1,"81":1,"82":0,"83":0,"84":0,"85":0,"86":0,"87":0,"88":0,"89":0,"90":0,"91":0,"92":0,"93":0,"94":0,"95":0,"96":0,"97":0,"98":0,"99":0,"100":0,"101":0,"102":0,"103":0,"104":0,"105":0,"106":0,"107":0,"108":0,"109":0,"110":0,"111":0,"112":0,"113":0,"114":0,"115":0,"116":0,"117":0,"118":0,"119":0,"120":0,"121":0,"122":0,"123":0,"124":0,"125":0,"126":0,"127":0,"128":0,"129":0,"130":0,"131":0,"132":0,"133":0,"134":0,"135":0,"136":0,"137":0,"138":0},"b":{"1":[2,1],"2":[3,2],"3":[0,0],"4":[0,0],"5":[0,0],"6":[0,0],"7":[1,1],"8":[1,0],"9":[0,0],"10":[0,0],"11":[0,0],"12":[1,0],"13":[0,0],"14":[0,0],"15":[0,0],"16":[0,0],"17":[0,0],"18":[0,0],"19":[0,0],"20":[0,0],"21":[0,0],"22":[0,0]},"f":{"1":0,"2":0,"3":0,"4":2,"5":1,"6":0,"7":1,"8":0,"9":1,"10":0,"11":0,"12":0},"fnMap":{"1":{"name":"(anonymous_1)","line":68,"loc":{"start":{"line":68,"column":14},"end":{"line":68,"column":17}}},"2":{"name":"(anonymous_2)","line":70,"loc":{"start":{"line":70,"column":27},"end":{"line":70,"column":46}}},"3":{"name":"(anonymous_3)","line":105,"loc":{"start":{"line":105,"column":33},"end":{"line":105,"column":36}}},"4":{"name":"(anonymous_4)","line":135,"loc":{"start":{"line":135,"column":15},"end":{"line":135,"column":30}}},"5":{"name":"(anonymous_5)","line":142,"loc":{"start":{"line":142,"column":16},"end":{"line":142,"column":31}}},"6":{"name":"(anonymous_6)","line":149,"loc":{"start":{"line":149,"column":19},"end":{"line":149,"column":34}}},"7":{"name":"(anonymous_7)","line":165,"loc":{"start":{"line":165,"column":19},"end":{"line":165,"column":25}}},"8":{"name":"(anonymous_8)","line":181,"loc":{"start":{"line":181,"column":24},"end":{"line":181,"column":39}}},"9":{"name":"(anonymous_9)","line":204,"loc":{"start":{"line":204,"column":20},"end":{"line":204,"column":35}}},"10":{"name":"(anonymous_10)","line":221,"loc":{"start":{"line":221,"column":22},"end":{"line":221,"column":37}}},"11":{"name":"(anonymous_11)","line":262,"loc":{"start":{"line":262,"column":21},"end":{"line":262,"column":36}}},"12":{"name":"(anonymous_12)","line":296,"loc":{"start":{"line":296,"column":19},"end":{"line":296,"column":43}}}},"statementMap":{"1":{"start":{"line":8,"column":0},"end":{"line":8,"column":25}},"2":{"start":{"line":9,"column":0},"end":{"line":9,"column":29}},"3":{"start":{"line":11,"column":0},"end":{"line":11,"column":32}},"4":{"start":{"line":12,"column":0},"end":{"line":12,"column":40}},"5":{"start":{"line":14,"column":0},"end":{"line":14,"column":35}},"6":{"start":{"line":15,"column":0},"end":{"line":15,"column":35}},"7":{"start":{"line":16,"column":0},"end":{"line":16,"column":29}},"8":{"start":{"line":18,"column":0},"end":{"line":18,"column":64}},"9":{"start":{"line":20,"column":0},"end":{"line":28,"column":2}},"10":{"start":{"line":21,"column":4},"end":{"line":21,"column":69}},"11":{"start":{"line":23,"column":4},"end":{"line":23,"column":36}},"12":{"start":{"line":24,"column":4},"end":{"line":27,"column":8}},"13":{"start":{"line":30,"column":0},"end":{"line":63,"column":5}},"14":{"start":{"line":31,"column":4},"end":{"line":31,"column":27}},"15":{"start":{"line":32,"column":4},"end":{"line":32,"column":26}},"16":{"start":{"line":34,"column":4},"end":{"line":62,"column":6}},"17":{"start":{"line":35,"column":8},"end":{"line":40,"column":9}},"18":{"start":{"line":36,"column":12},"end":{"line":39,"column":14}},"19":{"start":{"line":42,"column":8},"end":{"line":42,"column":24}},"20":{"start":{"line":43,"column":8},"end":{"line":48,"column":11}},"21":{"start":{"line":44,"column":12},"end":{"line":47,"column":14}},"22":{"start":{"line":50,"column":8},"end":{"line":50,"column":25}},"23":{"start":{"line":51,"column":8},"end":{"line":56,"column":11}},"24":{"start":{"line":52,"column":12},"end":{"line":55,"column":14}},"25":{"start":{"line":58,"column":8},"end":{"line":61,"column":10}},"26":{"start":{"line":65,"column":0},"end":{"line":335,"column":2}},"27":{"start":{"line":71,"column":8},"end":{"line":71,"column":34}},"28":{"start":{"line":77,"column":8},"end":{"line":77,"column":65}},"29":{"start":{"line":78,"column":8},"end":{"line":78,"column":60}},"30":{"start":{"line":80,"column":8},"end":{"line":84,"column":10}},"31":{"start":{"line":81,"column":12},"end":{"line":83,"column":28}},"32":{"start":{"line":86,"column":8},"end":{"line":102,"column":9}},"33":{"start":{"line":87,"column":12},"end":{"line":87,"column":24}},"34":{"start":{"line":89,"column":12},"end":{"line":101,"column":13}},"35":{"start":{"line":90,"column":16},"end":{"line":90,"column":74}},"36":{"start":{"line":92,"column":16},"end":{"line":98,"column":17}},"37":{"start":{"line":93,"column":20},"end":{"line":93,"column":55}},"38":{"start":{"line":94,"column":20},"end":{"line":94,"column":55}},"39":{"start":{"line":95,"column":20},"end":{"line":95,"column":84}},"40":{"start":{"line":97,"column":20},"end":{"line":97,"column":32}},"41":{"start":{"line":100,"column":16},"end":{"line":100,"column":28}},"42":{"start":{"line":106,"column":8},"end":{"line":106,"column":34}},"43":{"start":{"line":107,"column":8},"end":{"line":107,"column":30}},"44":{"start":{"line":109,"column":8},"end":{"line":109,"column":65}},"45":{"start":{"line":110,"column":8},"end":{"line":110,"column":60}},"46":{"start":{"line":113,"column":8},"end":{"line":117,"column":9}},"47":{"start":{"line":114,"column":12},"end":{"line":114,"column":89}},"48":{"start":{"line":120,"column":8},"end":{"line":126,"column":9}},"49":{"start":{"line":121,"column":12},"end":{"line":125,"column":13}},"50":{"start":{"line":122,"column":16},"end":{"line":122,"column":100}},"51":{"start":{"line":128,"column":8},"end":{"line":130,"column":9}},"52":{"start":{"line":129,"column":12},"end":{"line":129,"column":123}},"53":{"start":{"line":132,"column":8},"end":{"line":132,"column":28}},"54":{"start":{"line":136,"column":8},"end":{"line":136,"column":48}},"55":{"start":{"line":137,"column":8},"end":{"line":137,"column":37}},"56":{"start":{"line":139,"column":8},"end":{"line":139,"column":94}},"57":{"start":{"line":143,"column":8},"end":{"line":143,"column":48}},"58":{"start":{"line":144,"column":8},"end":{"line":144,"column":36}},"59":{"start":{"line":146,"column":8},"end":{"line":146,"column":92}},"60":{"start":{"line":150,"column":8},"end":{"line":150,"column":48}},"61":{"start":{"line":151,"column":8},"end":{"line":151,"column":56}},"62":{"start":{"line":152,"column":8},"end":{"line":152,"column":102}},"63":{"start":{"line":154,"column":8},"end":{"line":154,"column":28}},"64":{"start":{"line":166,"column":8},"end":{"line":166,"column":40}},"65":{"start":{"line":167,"column":8},"end":{"line":167,"column":54}},"66":{"start":{"line":169,"column":8},"end":{"line":169,"column":63}},"67":{"start":{"line":171,"column":8},"end":{"line":171,"column":47}},"68":{"start":{"line":173,"column":8},"end":{"line":173,"column":35}},"69":{"start":{"line":183,"column":8},"end":{"line":183,"column":45}},"70":{"start":{"line":185,"column":8},"end":{"line":190,"column":9}},"71":{"start":{"line":186,"column":12},"end":{"line":186,"column":66}},"72":{"start":{"line":187,"column":12},"end":{"line":187,"column":65}},"73":{"start":{"line":188,"column":12},"end":{"line":188,"column":75}},"74":{"start":{"line":189,"column":12},"end":{"line":189,"column":19}},"75":{"start":{"line":192,"column":8},"end":{"line":195,"column":9}},"76":{"start":{"line":193,"column":12},"end":{"line":193,"column":77}},"77":{"start":{"line":194,"column":12},"end":{"line":194,"column":64}},"78":{"start":{"line":205,"column":8},"end":{"line":205,"column":88}},"79":{"start":{"line":206,"column":8},"end":{"line":209,"column":9}},"80":{"start":{"line":207,"column":12},"end":{"line":207,"column":82}},"81":{"start":{"line":208,"column":12},"end":{"line":208,"column":25}},"82":{"start":{"line":211,"column":8},"end":{"line":211,"column":20}},"83":{"start":{"line":222,"column":8},"end":{"line":224,"column":9}},"84":{"start":{"line":223,"column":12},"end":{"line":223,"column":25}},"85":{"start":{"line":226,"column":8},"end":{"line":226,"column":104}},"86":{"start":{"line":228,"column":8},"end":{"line":228,"column":80}},"87":{"start":{"line":230,"column":8},"end":{"line":230,"column":43}},"88":{"start":{"line":232,"column":8},"end":{"line":232,"column":64}},"89":{"start":{"line":234,"column":8},"end":{"line":259,"column":9}},"90":{"start":{"line":235,"column":12},"end":{"line":243,"column":13}},"91":{"start":{"line":236,"column":16},"end":{"line":236,"column":91}},"92":{"start":{"line":237,"column":16},"end":{"line":237,"column":65}},"93":{"start":{"line":238,"column":16},"end":{"line":238,"column":69}},"94":{"start":{"line":239,"column":16},"end":{"line":239,"column":65}},"95":{"start":{"line":240,"column":16},"end":{"line":240,"column":28}},"96":{"start":{"line":242,"column":16},"end":{"line":242,"column":29}},"97":{"start":{"line":245,"column":12},"end":{"line":245,"column":120}},"98":{"start":{"line":247,"column":12},"end":{"line":256,"column":13}},"99":{"start":{"line":248,"column":16},"end":{"line":254,"column":17}},"100":{"start":{"line":249,"column":20},"end":{"line":249,"column":95}},"101":{"start":{"line":250,"column":20},"end":{"line":250,"column":68}},"102":{"start":{"line":251,"column":20},"end":{"line":251,"column":72}},"103":{"start":{"line":252,"column":20},"end":{"line":252,"column":89}},"104":{"start":{"line":253,"column":20},"end":{"line":253,"column":32}},"105":{"start":{"line":255,"column":16},"end":{"line":255,"column":29}},"106":{"start":{"line":258,"column":12},"end":{"line":258,"column":25}},"107":{"start":{"line":263,"column":8},"end":{"line":263,"column":86}},"108":{"start":{"line":264,"column":8},"end":{"line":264,"column":72}},"109":{"start":{"line":265,"column":8},"end":{"line":265,"column":74}},"110":{"start":{"line":267,"column":8},"end":{"line":267,"column":87}},"111":{"start":{"line":268,"column":8},"end":{"line":268,"column":76}},"112":{"start":{"line":270,"column":8},"end":{"line":272,"column":9}},"113":{"start":{"line":271,"column":12},"end":{"line":271,"column":19}},"114":{"start":{"line":274,"column":8},"end":{"line":276,"column":9}},"115":{"start":{"line":275,"column":12},"end":{"line":275,"column":43}},"116":{"start":{"line":279,"column":8},"end":{"line":281,"column":11}},"117":{"start":{"line":284,"column":8},"end":{"line":284,"column":47}},"118":{"start":{"line":285,"column":8},"end":{"line":285,"column":98}},"119":{"start":{"line":286,"column":8},"end":{"line":286,"column":41}},"120":{"start":{"line":288,"column":8},"end":{"line":288,"column":42}},"121":{"start":{"line":297,"column":8},"end":{"line":297,"column":34}},"122":{"start":{"line":298,"column":8},"end":{"line":298,"column":86}},"123":{"start":{"line":299,"column":8},"end":{"line":299,"column":47}},"124":{"start":{"line":301,"column":8},"end":{"line":301,"column":64}},"125":{"start":{"line":304,"column":8},"end":{"line":304,"column":45}},"126":{"start":{"line":307,"column":8},"end":{"line":307,"column":67}},"127":{"start":{"line":308,"column":8},"end":{"line":308,"column":43}},"128":{"start":{"line":310,"column":8},"end":{"line":310,"column":130}},"129":{"start":{"line":312,"column":8},"end":{"line":333,"column":9}},"130":{"start":{"line":313,"column":12},"end":{"line":321,"column":15}},"131":{"start":{"line":314,"column":16},"end":{"line":318,"column":17}},"132":{"start":{"line":316,"column":20},"end":{"line":316,"column":54}},"133":{"start":{"line":317,"column":20},"end":{"line":317,"column":27}},"134":{"start":{"line":320,"column":16},"end":{"line":320,"column":80}},"135":{"start":{"line":323,"column":12},"end":{"line":332,"column":13}},"136":{"start":{"line":324,"column":16},"end":{"line":326,"column":19}},"137":{"start":{"line":328,"column":16},"end":{"line":328,"column":53}},"138":{"start":{"line":331,"column":16},"end":{"line":331,"column":143}}},"branchMap":{"1":{"line":35,"type":"if","locations":[{"start":{"line":35,"column":8},"end":{"line":35,"column":8}},{"start":{"line":35,"column":8},"end":{"line":35,"column":8}}]},"2":{"line":35,"type":"binary-expr","locations":[{"start":{"line":35,"column":12},"end":{"line":35,"column":23}},{"start":{"line":35,"column":27},"end":{"line":35,"column":37}}]},"3":{"line":86,"type":"if","locations":[{"start":{"line":86,"column":8},"end":{"line":86,"column":8}},{"start":{"line":86,"column":8},"end":{"line":86,"column":8}}]},"4":{"line":89,"type":"if","locations":[{"start":{"line":89,"column":12},"end":{"line":89,"column":12}},{"start":{"line":89,"column":12},"end":{"line":89,"column":12}}]},"5":{"line":120,"type":"if","locations":[{"start":{"line":120,"column":8},"end":{"line":120,"column":8}},{"start":{"line":120,"column":8},"end":{"line":120,"column":8}}]},"6":{"line":128,"type":"if","locations":[{"start":{"line":128,"column":8},"end":{"line":128,"column":8}},{"start":{"line":128,"column":8},"end":{"line":128,"column":8}}]},"7":{"line":139,"type":"cond-expr","locations":[{"start":{"line":139,"column":43},"end":{"line":139,"column":78}},{"start":{"line":139,"column":81},"end":{"line":139,"column":93}}]},"8":{"line":146,"type":"cond-expr","locations":[{"start":{"line":146,"column":42},"end":{"line":146,"column":76}},{"start":{"line":146,"column":79},"end":{"line":146,"column":91}}]},"9":{"line":152,"type":"cond-expr","locations":[{"start":{"line":152,"column":57},"end":{"line":152,"column":90}},{"start":{"line":152,"column":93},"end":{"line":152,"column":101}}]},"10":{"line":185,"type":"if","locations":[{"start":{"line":185,"column":8},"end":{"line":185,"column":8}},{"start":{"line":185,"column":8},"end":{"line":185,"column":8}}]},"11":{"line":192,"type":"if","locations":[{"start":{"line":192,"column":8},"end":{"line":192,"column":8}},{"start":{"line":192,"column":8},"end":{"line":192,"column":8}}]},"12":{"line":206,"type":"if","locations":[{"start":{"line":206,"column":8},"end":{"line":206,"column":8}},{"start":{"line":206,"column":8},"end":{"line":206,"column":8}}]},"13":{"line":222,"type":"if","locations":[{"start":{"line":222,"column":8},"end":{"line":222,"column":8}},{"start":{"line":222,"column":8},"end":{"line":222,"column":8}}]},"14":{"line":234,"type":"if","locations":[{"start":{"line":234,"column":8},"end":{"line":234,"column":8}},{"start":{"line":234,"column":8},"end":{"line":234,"column":8}}]},"15":{"line":235,"type":"if","locations":[{"start":{"line":235,"column":12},"end":{"line":235,"column":12}},{"start":{"line":235,"column":12},"end":{"line":235,"column":12}}]},"16":{"line":247,"type":"if","locations":[{"start":{"line":247,"column":12},"end":{"line":247,"column":12}},{"start":{"line":247,"column":12},"end":{"line":247,"column":12}}]},"17":{"line":248,"type":"if","locations":[{"start":{"line":248,"column":16},"end":{"line":248,"column":16}},{"start":{"line":248,"column":16},"end":{"line":248,"column":16}}]},"18":{"line":270,"type":"if","locations":[{"start":{"line":270,"column":8},"end":{"line":270,"column":8}},{"start":{"line":270,"column":8},"end":{"line":270,"column":8}}]},"19":{"line":270,"type":"binary-expr","locations":[{"start":{"line":270,"column":12},"end":{"line":270,"column":39}},{"start":{"line":270,"column":43},"end":{"line":270,"column":73}}]},"20":{"line":274,"type":"if","locations":[{"start":{"line":274,"column":8},"end":{"line":274,"column":8}},{"start":{"line":274,"column":8},"end":{"line":274,"column":8}}]},"21":{"line":312,"type":"if","locations":[{"start":{"line":312,"column":8},"end":{"line":312,"column":8}},{"start":{"line":312,"column":8},"end":{"line":312,"column":8}}]},"22":{"line":314,"type":"if","locations":[{"start":{"line":314,"column":16},"end":{"line":314,"column":16}},{"start":{"line":314,"column":16},"end":{"line":314,"column":16}}]}}},"/Users/lyy/Downloads/code/weidian-inc-github/bio-core/core/tool/npm.js":{"path":"/Users/lyy/Downloads/code/weidian-inc-github/bio-core/core/tool/npm.js","s":{"1":1,"2":1},"b":{},"f":{},"fnMap":{},"statementMap":{"1":{"start":{"line":8,"column":0},"end":{"line":8,"column":44}},"2":{"start":{"line":10,"column":0},"end":{"line":13,"column":2}}},"branchMap":{}}}