TN:
SF:/Users/lyy/Downloads/code/weidian-inc-github/bio-core/core/tool/file.js
FN:36,(anonymous_1)
FN:47,(anonymous_2)
FN:58,(anonymous_3)
FN:64,(anonymous_4)
FN:112,(anonymous_5)
FNF:5
FNH:5
FNDA:2,(anonymous_1)
FNDA:1,(anonymous_2)
FNDA:1,(anonymous_3)
FNDA:11,(anonymous_4)
FNDA:1,(anonymous_5)
DA:8,1
DA:9,1
DA:10,1
DA:12,1
DA:20,1
DA:21,2
DA:27,1
DA:37,2
DA:38,2
DA:48,1
DA:49,1
DA:59,1
DA:60,1
DA:61,1
DA:65,11
DA:67,11
DA:69,11
DA:70,25
DA:71,6
DA:74,19
DA:75,18
DA:76,18
DA:77,4
DA:78,3
DA:80,14
DA:81,2
DA:82,1
DA:84,12
DA:85,12
DA:86,16
DA:88,16
DA:89,8
DA:90,5
DA:92,8
DA:93,8
DA:94,5
DA:101,5
DA:104,11
DA:114,1
DA:115,1
DA:116,4
DA:117,3
DA:118,3
DA:120,3
DA:121,3
DA:122,3
DA:124,0
LF:47
LH:46
BRDA:22,1,0,2
BRDA:22,1,1,2
BRDA:70,2,0,6
BRDA:70,2,1,19
BRDA:74,3,0,18
BRDA:74,3,1,1
BRDA:76,4,0,4
BRDA:76,4,1,14
BRDA:77,5,0,3
BRDA:77,5,1,1
BRDA:80,6,0,2
BRDA:80,6,1,12
BRDA:81,7,0,1
BRDA:81,7,1,1
BRDA:84,8,0,12
BRDA:84,8,1,0
BRDA:88,9,0,8
BRDA:88,9,1,8
BRDA:89,10,0,5
BRDA:89,10,1,3
BRDA:92,11,0,8
BRDA:92,11,1,0
BRDA:93,12,0,5
BRDA:93,12,1,3
BRDA:116,13,0,3
BRDA:116,13,1,1
BRDA:120,14,0,3
BRDA:120,14,1,0
BRF:28
BRH:25
end_of_record
TN:
SF:/Users/lyy/Downloads/code/weidian-inc-github/bio-core/core/tool/network.js
FN:20,(anonymous_1)
FN:33,checkPortUsed
FN:48,getFreePort
FN:63,(anonymous_4)
FNF:4
FNH:4
FNDA:950,(anonymous_1)
FNDA:2,checkPortUsed
FNDA:946,getFreePort
FNDA:2,(anonymous_4)
DA:8,1
DA:9,1
DA:10,1
DA:12,1
DA:21,950
DA:22,950
DA:23,950
DA:34,2
DA:36,2
DA:37,1
DA:40,1
DA:49,946
DA:51,946
DA:52,944
DA:55,2
DA:64,2
DA:65,2
DA:66,2
DA:67,1
DA:68,0
DA:70,1
DA:73,2
DA:74,2
DA:75,2
LF:24
LH:23
BRDA:36,1,0,1
BRDA:36,1,1,1
BRDA:51,2,0,944
BRDA:51,2,1,2
BRDA:67,3,0,0
BRDA:67,3,1,1
BRF:6
BRH:5
end_of_record
TN:
SF:/Users/lyy/Downloads/code/weidian-inc-github/bio-core/core/tool/path.js
FN:25,(anonymous_1)
FN:35,(anonymous_2)
FN:45,(anonymous_3)
FN:57,(anonymous_4)
FNF:4
FNH:4
FNDA:5,(anonymous_1)
FNDA:1,(anonymous_2)
FNDA:3,(anonymous_3)
FNDA:1,(anonymous_4)
DA:8,1
DA:9,1
DA:11,1
DA:26,5
DA:36,1
DA:46,3
DA:58,1
DA:59,1
DA:60,1
DA:61,1
LF:10
LH:10
BRF:0
BRH:0
end_of_record
TN:
SF:/Users/lyy/Downloads/code/weidian-inc-github/bio-core/core/tool/scaffold.js
FN:68,(anonymous_1)
FN:70,(anonymous_2)
FN:105,(anonymous_3)
FN:135,(anonymous_4)
FN:142,(anonymous_5)
FN:149,(anonymous_6)
FN:165,(anonymous_7)
FN:181,(anonymous_8)
FN:204,(anonymous_9)
FN:221,(anonymous_10)
FN:262,(anonymous_11)
FN:296,(anonymous_12)
FNF:12
FNH:4
FNDA:0,(anonymous_1)
FNDA:0,(anonymous_2)
FNDA:0,(anonymous_3)
FNDA:2,(anonymous_4)
FNDA:1,(anonymous_5)
FNDA:0,(anonymous_6)
FNDA:1,(anonymous_7)
FNDA:0,(anonymous_8)
FNDA:1,(anonymous_9)
FNDA:0,(anonymous_10)
FNDA:0,(anonymous_11)
FNDA:0,(anonymous_12)
DA:8,1
DA:9,1
DA:11,1
DA:12,1
DA:14,1
DA:15,1
DA:16,1
DA:18,1
DA:20,1
DA:21,0
DA:23,0
DA:24,0
DA:30,1
DA:31,1
DA:32,1
DA:34,1
DA:35,3
DA:36,2
DA:42,1
DA:43,1
DA:44,2
DA:50,1
DA:51,1
DA:52,2
DA:58,1
DA:65,1
DA:71,0
DA:77,0
DA:78,0
DA:80,0
DA:81,0
DA:86,0
DA:87,0
DA:89,0
DA:90,0
DA:92,0
DA:93,0
DA:94,0
DA:95,0
DA:97,0
DA:100,0
DA:106,0
DA:107,0
DA:109,0
DA:110,0
DA:113,0
DA:114,0
DA:120,0
DA:121,0
DA:122,0
DA:128,0
DA:129,0
DA:132,0
DA:136,2
DA:137,2
DA:139,2
DA:143,1
DA:144,1
DA:146,1
DA:150,0
DA:151,0
DA:152,0
DA:154,0
DA:166,1
DA:167,1
DA:169,1
DA:171,1
DA:173,1
DA:183,0
DA:185,0
DA:186,0
DA:187,0
DA:188,0
DA:189,0
DA:192,0
DA:193,0
DA:194,0
DA:205,1
DA:206,1
DA:207,1
DA:208,1
DA:211,0
DA:222,0
DA:223,0
DA:226,0
DA:228,0
DA:230,0
DA:232,0
DA:234,0
DA:235,0
DA:236,0
DA:237,0
DA:238,0
DA:239,0
DA:240,0
DA:242,0
DA:245,0
DA:247,0
DA:248,0
DA:249,0
DA:250,0
DA:251,0
DA:252,0
DA:253,0
DA:255,0
DA:258,0
DA:263,0
DA:264,0
DA:265,0
DA:267,0
DA:268,0
DA:270,0
DA:271,0
DA:274,0
DA:275,0
DA:279,0
DA:284,0
DA:285,0
DA:286,0
DA:288,0
DA:297,0
DA:298,0
DA:299,0
DA:301,0
DA:304,0
DA:307,0
DA:308,0
DA:310,0
DA:312,0
DA:313,0
DA:314,0
DA:316,0
DA:317,0
DA:320,0
DA:323,0
DA:324,0
DA:328,0
DA:331,0
LF:138
LH:38
BRDA:35,1,0,2
BRDA:35,1,1,1
BRDA:35,2,0,3
BRDA:35,2,1,2
BRDA:86,3,0,0
BRDA:86,3,1,0
BRDA:89,4,0,0
BRDA:89,4,1,0
BRDA:120,5,0,0
BRDA:120,5,1,0
BRDA:128,6,0,0
BRDA:128,6,1,0
BRDA:139,7,0,1
BRDA:139,7,1,1
BRDA:146,8,0,1
BRDA:146,8,1,0
BRDA:152,9,0,0
BRDA:152,9,1,0
BRDA:185,10,0,0
BRDA:185,10,1,0
BRDA:192,11,0,0
BRDA:192,11,1,0
BRDA:206,12,0,1
BRDA:206,12,1,0
BRDA:222,13,0,0
BRDA:222,13,1,0
BRDA:234,14,0,0
BRDA:234,14,1,0
BRDA:235,15,0,0
BRDA:235,15,1,0
BRDA:247,16,0,0
BRDA:247,16,1,0
BRDA:248,17,0,0
BRDA:248,17,1,0
BRDA:270,18,0,0
BRDA:270,18,1,0
BRDA:270,19,0,0
BRDA:270,19,1,0
BRDA:274,20,0,0
BRDA:274,20,1,0
BRDA:312,21,0,0
BRDA:312,21,1,0
BRDA:314,22,0,0
BRDA:314,22,1,0
BRF:44
BRH:8
end_of_record
TN:
SF:/Users/lyy/Downloads/code/weidian-inc-github/bio-core/core/tool/npm.js
FNF:0
FNH:0
DA:8,1
DA:10,1
LF:2
LH:2
BRF:0
BRH:0
end_of_record
