TN:
SF:/Users/lyy/Downloads/code/weidian-inc-github/bio-core/core/tool/file.js
FN:36,(anonymous_1)
FN:47,(anonymous_2)
FN:58,(anonymous_3)
FN:64,(anonymous_4)
FN:112,(anonymous_5)
FNF:5
FNH:5
FNDA:2,(anonymous_1)
FNDA:1,(anonymous_2)
FNDA:1,(anonymous_3)
FNDA:11,(anonymous_4)
FNDA:1,(anonymous_5)
DA:8,1
DA:9,1
DA:10,1
DA:12,1
DA:20,1
DA:21,2
DA:27,1
DA:37,2
DA:38,2
DA:48,1
DA:49,1
DA:59,1
DA:60,1
DA:61,1
DA:65,11
DA:67,11
DA:69,11
DA:70,25
DA:71,6
DA:74,19
DA:75,18
DA:76,18
DA:77,4
DA:78,3
DA:80,14
DA:81,2
DA:82,1
DA:84,12
DA:85,12
DA:86,16
DA:88,16
DA:89,8
DA:90,5
DA:92,8
DA:93,8
DA:94,5
DA:101,5
DA:104,11
DA:114,1
DA:115,1
DA:116,4
DA:117,3
DA:118,3
DA:120,3
DA:121,3
DA:122,3
DA:124,0
LF:47
LH:46
BRDA:22,1,0,2
BRDA:22,1,1,2
BRDA:70,2,0,6
BRDA:70,2,1,19
BRDA:74,3,0,18
BRDA:74,3,1,1
BRDA:76,4,0,4
BRDA:76,4,1,14
BRDA:77,5,0,3
BRDA:77,5,1,1
BRDA:80,6,0,2
BRDA:80,6,1,12
BRDA:81,7,0,1
BRDA:81,7,1,1
BRDA:84,8,0,12
BRDA:84,8,1,0
BRDA:88,9,0,8
BRDA:88,9,1,8
BRDA:89,10,0,5
BRDA:89,10,1,3
BRDA:92,11,0,8
BRDA:92,11,1,0
BRDA:93,12,0,5
BRDA:93,12,1,3
BRDA:116,13,0,3
BRDA:116,13,1,1
BRDA:120,14,0,3
BRDA:120,14,1,0
BRF:28
BRH:25
end_of_record
TN:
SF:/Users/lyy/Downloads/code/weidian-inc-github/bio-core/core/tool/network.js
FN:20,(anonymous_1)
FN:33,checkPortUsed
FN:48,getFreePort
FN:63,(anonymous_4)
FNF:4
FNH:4
FNDA:950,(anonymous_1)
FNDA:2,checkPortUsed
FNDA:946,getFreePort
FNDA:2,(anonymous_4)
DA:8,1
DA:9,1
DA:10,1
DA:12,1
DA:21,950
DA:22,950
DA:23,950
DA:34,2
DA:36,2
DA:37,1
DA:40,1
DA:49,946
DA:51,946
DA:52,944
DA:55,2
DA:64,2
DA:65,2
DA:66,2
DA:67,2
DA:68,1
DA:70,1
DA:73,2
DA:74,0
DA:75,0
LF:24
LH:22
BRDA:36,1,0,1
BRDA:36,1,1,1
BRDA:51,2,0,944
BRDA:51,2,1,2
BRDA:67,3,0,1
BRDA:67,3,1,1
BRF:6
BRH:6
end_of_record
TN:
SF:/Users/lyy/Downloads/code/weidian-inc-github/bio-core/core/tool/path.js
FN:25,(anonymous_1)
FN:35,(anonymous_2)
FN:45,(anonymous_3)
FN:57,(anonymous_4)
FNF:4
FNH:4
FNDA:5,(anonymous_1)
FNDA:1,(anonymous_2)
FNDA:3,(anonymous_3)
FNDA:1,(anonymous_4)
DA:8,1
DA:9,1
DA:11,1
DA:26,5
DA:36,1
DA:46,3
DA:58,1
DA:59,1
DA:60,1
DA:61,1
LF:10
LH:10
BRF:0
BRH:0
end_of_record
TN:
SF:/Users/lyy/Downloads/code/weidian-inc-github/bio-core/core/tool/scaffold.js
FN:59,(anonymous_1)
FN:61,(anonymous_2)
FN:68,(anonymous_3)
FN:83,(anonymous_4)
FN:99,(anonymous_5)
FN:120,(anonymous_6)
FN:137,(anonymous_7)
FN:160,(anonymous_8)
FNF:8
FNH:4
FNDA:0,(anonymous_1)
FNDA:2,(anonymous_2)
FNDA:1,(anonymous_3)
FNDA:1,(anonymous_4)
FNDA:0,(anonymous_5)
FNDA:1,(anonymous_6)
FNDA:0,(anonymous_7)
FNDA:0,(anonymous_8)
DA:8,1
DA:9,1
DA:11,1
DA:12,1
DA:14,1
DA:15,1
DA:17,1
DA:19,1
DA:20,0
DA:22,0
DA:23,0
DA:29,1
DA:30,1
DA:31,1
DA:33,1
DA:34,3
DA:35,2
DA:41,1
DA:42,1
DA:43,2
DA:46,1
DA:47,1
DA:48,2
DA:51,1
DA:58,1
DA:62,2
DA:63,2
DA:65,2
DA:69,1
DA:70,1
DA:72,1
DA:84,1
DA:85,1
DA:87,1
DA:89,1
DA:91,1
DA:100,0
DA:101,0
DA:102,0
DA:103,0
DA:104,0
DA:107,0
DA:108,0
DA:109,0
DA:110,0
DA:121,1
DA:122,1
DA:123,1
DA:124,1
DA:127,0
DA:138,0
DA:140,0
DA:142,0
DA:143,0
DA:145,0
DA:146,0
DA:147,0
DA:149,0
DA:152,0
DA:161,0
DA:162,0
DA:163,0
DA:166,0
DA:169,0
DA:170,0
DA:172,0
DA:176,0
DA:177,0
DA:181,0
DA:186,0
DA:187,0
DA:188,0
DA:191,0
LF:73
LH:37
BRDA:34,1,0,2
BRDA:34,1,1,1
BRDA:34,2,0,3
BRDA:34,2,1,2
BRDA:65,3,0,1
BRDA:65,3,1,1
BRDA:72,4,0,1
BRDA:72,4,1,0
BRDA:100,5,0,0
BRDA:100,5,1,0
BRDA:107,6,0,0
BRDA:107,6,1,0
BRDA:122,7,0,1
BRDA:122,7,1,0
BRDA:145,8,0,0
BRDA:145,8,1,0
BRDA:146,9,0,0
BRDA:146,9,1,0
BRDA:176,10,0,0
BRDA:176,10,1,0
BRF:20
BRH:8
end_of_record
TN:
SF:/Users/lyy/Downloads/code/weidian-inc-github/bio-core/core/tool/npm.js
FNF:0
FNH:0
DA:8,1
DA:10,1
LF:2
LH:2
BRF:0
BRH:0
end_of_record
